<?xml version="1.0" encoding="UTF-8" ?>
<testsuites>
<testsuite name="Validate Authorization" errors="0" tests="8" failures="0" time="1.031" timestamp="2018-11-11T17:19:41">
  <testcase classname="Validate Authorization" name="login" time="0.11"></testcase>
  <testcase classname="Validate Authorization" name="register" time="0.117"></testcase>
  <testcase classname="Validate Authorization" name="logout" time="0.276"></testcase>
  <testcase classname="Validate Authorization" name="get headlines" time="0.096"></testcase>
  <testcase classname="Validate Authorization" name="update headlines" time="0.103"></testcase>
  <testcase classname="Validate Authorization" name="get articles with netid" time="0.106"></testcase>
  <testcase classname="Validate Authorization" name="get article" time="0.107"></testcase>
  <testcase classname="Validate Authorization" name="post a article" time="0.113"></testcase>
</testsuite>
</testsuites>